{"meta": {"version": "5.0.3", "timestamp": "2020-02-24T15:04:40.276800", "branch_coverage": false, "show_contexts": false}, "files": {"json_to_basic_single.py": {"executed_lines": [1, 2, 4, 5, 6, 7, 8, 9, 10, 12, 13, 14, 17, 18, 21, 22, 23, 24, 25, 26, 27, 29, 30, 31, 32, 33, 34, 41, 42, 43, 44, 45], "summary": {"covered_lines": 32, "num_statements": 32, "percent_covered": 100.0, "missing_lines": 0, "excluded_lines": 0}, "missing_lines": [], "excluded_lines": []}}, "totals": {"covered_lines": 32, "num_statements": 32, "percent_covered": 100.0, "missing_lines": 0, "excluded_lines": 0}}